-------------------------------------------------------------------------------
Test set: backend.BooksServiceTest
-------------------------------------------------------------------------------
Tests run: 1, Failures: 0, Errors: 1, Skipped: 0, Time elapsed: 0.354 s <<< FAILURE! - in backend.BooksServiceTest
backend.BooksServiceTest  Time elapsed: 0.353 s  <<< ERROR!
java.lang.IllegalStateException: Unable to find a @SpringBootConfiguration, you need to use @ContextConfiguration or @SpringBootTest(classes=...) with your test

