<?xml version="1.0" encoding="UTF-8"?>
<testsuite xmlns:xsi="http://www.w3.org/2001/XMLSchema-instance" xsi:noNamespaceSchemaLocation="https://maven.apache.org/surefire/maven-surefire-plugin/xsd/surefire-test-report.xsd" name="backend.BooksServiceTest" time="0.354" tests="1" errors="1" skipped="0" failures="0">
  <properties>
[...]
</properties>
  <testcase name="backend.BooksServiceTest" classname="backend.BooksServiceTest" time="0.353">
    <error message="Unable to find a @SpringBootConfiguration, you need to use @ContextConfiguration or @SpringBootTest(classes=...) with your test" type="java.lang.IllegalStateException">java.lang.IllegalStateException: Unable to find a @SpringBootConfiguration, you need to use @ContextConfiguration or @SpringBootTest(classes=...) with your test
</error>
    <system-out><![CDATA[13:38:58.375 [main] DEBUG org.springframework.test.context.BootstrapUtils - Instantiating CacheAwareContextLoaderDelegate from class [org.springframework.test.context.cache.DefaultCacheAwareContextLoaderDelegate]
13:38:58.391 [main] DEBUG org.springframework.test.context.BootstrapUtils - Instantiating BootstrapContext using constructor [public org.springframework.test.context.support.DefaultBootstrapContext(java.lang.Class,org.springframework.test.context.CacheAwareContextLoaderDelegate)]
13:38:58.443 [main] DEBUG org.springframework.test.context.BootstrapUtils - Instantiating TestContextBootstrapper for test class [backend.BooksServiceTest] from class [org.springframework.boot.test.context.SpringBootTestContextBootstrapper]
13:38:58.467 [main] INFO org.springframework.boot.test.context.SpringBootTestContextBootstrapper - Neither @ContextConfiguration nor @ContextHierarchy found for test class [backend.BooksServiceTest], using SpringBootContextLoader
13:38:58.472 [main] DEBUG org.springframework.test.context.support.AbstractContextLoader - Did not detect default resource location for test class [backend.BooksServiceTest]: class path resource [backend/BooksServiceTest-context.xml] does not exist
13:38:58.473 [main] DEBUG org.springframework.test.context.support.AbstractContextLoader - Did not detect default resource location for test class [backend.BooksServiceTest]: class path resource [backend/BooksServiceTestContext.groovy] does not exist
13:38:58.473 [main] INFO org.springframework.test.context.support.AbstractContextLoader - Could not detect default resource locations for test class [backend.BooksServiceTest]: no resource found for suffixes {-context.xml, Context.groovy}.
13:38:58.474 [main] INFO org.springframework.test.context.support.AnnotationConfigContextLoaderUtils - Could not detect default configuration classes for test class [backend.BooksServiceTest]: BooksServiceTest does not declare any static, non-private, non-final, nested classes annotated with @Configuration.
13:38:58.539 [main] DEBUG org.springframework.test.context.support.ActiveProfilesUtils - Could not find an 'annotation declaring class' for annotation type [org.springframework.test.context.ActiveProfiles] and class [backend.BooksServiceTest]
13:38:58.594 [main] DEBUG org.springframework.test.context.BootstrapUtils - Instantiating CacheAwareContextLoaderDelegate from class [org.springframework.test.context.cache.DefaultCacheAwareContextLoaderDelegate]
13:38:58.595 [main] DEBUG org.springframework.test.context.BootstrapUtils - Instantiating BootstrapContext using constructor [public org.springframework.test.context.support.DefaultBootstrapContext(java.lang.Class,org.springframework.test.context.CacheAwareContextLoaderDelegate)]
13:38:58.596 [main] DEBUG org.springframework.test.context.BootstrapUtils - Instantiating TestContextBootstrapper for test class [backend.BooksServiceTest] from class [org.springframework.boot.test.context.SpringBootTestContextBootstrapper]
13:38:58.598 [main] INFO org.springframework.boot.test.context.SpringBootTestContextBootstrapper - Neither @ContextConfiguration nor @ContextHierarchy found for test class [backend.BooksServiceTest], using SpringBootContextLoader
13:38:58.599 [main] DEBUG org.springframework.test.context.support.AbstractContextLoader - Did not detect default resource location for test class [backend.BooksServiceTest]: class path resource [backend/BooksServiceTest-context.xml] does not exist
13:38:58.600 [main] DEBUG org.springframework.test.context.support.AbstractContextLoader - Did not detect default resource location for test class [backend.BooksServiceTest]: class path resource [backend/BooksServiceTestContext.groovy] does not exist
13:38:58.601 [main] INFO org.springframework.test.context.support.AbstractContextLoader - Could not detect default resource locations for test class [backend.BooksServiceTest]: no resource found for suffixes {-context.xml, Context.groovy}.
13:38:58.602 [main] INFO org.springframework.test.context.support.AnnotationConfigContextLoaderUtils - Could not detect default configuration classes for test class [backend.BooksServiceTest]: BooksServiceTest does not declare any static, non-private, non-final, nested classes annotated with @Configuration.
13:38:58.605 [main] DEBUG org.springframework.test.context.support.ActiveProfilesUtils - Could not find an 'annotation declaring class' for annotation type [org.springframework.test.context.ActiveProfiles] and class [backend.BooksServiceTest]
13:38:58.608 [main] DEBUG org.springframework.test.context.BootstrapUtils - Instantiating CacheAwareContextLoaderDelegate from class [org.springframework.test.context.cache.DefaultCacheAwareContextLoaderDelegate]
13:38:58.609 [main] DEBUG org.springframework.test.context.BootstrapUtils - Instantiating BootstrapContext using constructor [public org.springframework.test.context.support.DefaultBootstrapContext(java.lang.Class,org.springframework.test.context.CacheAwareContextLoaderDelegate)]
13:38:58.610 [main] DEBUG org.springframework.test.context.BootstrapUtils - Instantiating TestContextBootstrapper for test class [backend.BooksServiceTest] from class [org.springframework.boot.test.context.SpringBootTestContextBootstrapper]
13:38:58.612 [main] INFO org.springframework.boot.test.context.SpringBootTestContextBootstrapper - Neither @ContextConfiguration nor @ContextHierarchy found for test class [backend.BooksServiceTest], using SpringBootContextLoader
13:38:58.614 [main] DEBUG org.springframework.test.context.support.AbstractContextLoader - Did not detect default resource location for test class [backend.BooksServiceTest]: class path resource [backend/BooksServiceTest-context.xml] does not exist
13:38:58.615 [main] DEBUG org.springframework.test.context.support.AbstractContextLoader - Did not detect default resource location for test class [backend.BooksServiceTest]: class path resource [backend/BooksServiceTestContext.groovy] does not exist
13:38:58.616 [main] INFO org.springframework.test.context.support.AbstractContextLoader - Could not detect default resource locations for test class [backend.BooksServiceTest]: no resource found for suffixes {-context.xml, Context.groovy}.
13:38:58.617 [main] INFO org.springframework.test.context.support.AnnotationConfigContextLoaderUtils - Could not detect default configuration classes for test class [backend.BooksServiceTest]: BooksServiceTest does not declare any static, non-private, non-final, nested classes annotated with @Configuration.
13:38:58.622 [main] DEBUG org.springframework.test.context.support.ActiveProfilesUtils - Could not find an 'annotation declaring class' for annotation type [org.springframework.test.context.ActiveProfiles] and class [backend.BooksServiceTest]
]]></system-out>
  </testcase>
</testsuite>